#
# There is insufficient memory for the Java Runtime Environment to continue.
# Native memory allocation (mmap) failed to map 264241152 bytes for G1 virtual space
# Possible reasons:
#   The system is out of physical RAM or swap space
#   The process is running with CompressedOops enabled, and the Java Heap may be blocking the growth of the native heap
# Possible solutions:
#   Reduce memory load on the system
#   Increase physical memory or swap space
#   Check if swap backing store is full
#   Decrease Java heap size (-Xmx/-Xms)
#   Decrease number of Java threads
#   Decrease Java thread stack sizes (-Xss)
#   Set larger code cache with -XX:ReservedCodeCacheSize=
#   JVM is running with Zero Based Compressed Oops mode in which the Java heap is
#     placed in the first 32GB address space. The Java Heap base address is the
#     maximum limit for the native heap growth. Please use -XX:HeapBaseMinAddress
#     to set the Java Heap base and to place the Java Heap above 32GB virtual address.
# This output file may be truncated or incomplete.
#
#  Out of Memory Error (os_windows.cpp:3528), pid=43628, tid=32288
#
# JRE version:  (20.0.1+9) (build )
# Java VM: OpenJDK 64-Bit Server VM (20.0.1+9-29, mixed mode, sharing, tiered, compressed oops, compressed class ptrs, g1 gc, windows-amd64)
# No core dump will be written. Minidumps are not enabled by default on client versions of Windows
#

---------------  S U M M A R Y ------------

Command Line: -agentlib:jdwp=transport=dt_socket,address=127.0.0.1:62596,suspend=y,server=n -ea -Didea.test.cyclic.buffer.size=1048576 -javaagent:C:\Users\wj\AppData\Local\JetBrains\Toolbox\apps\IDEA-U\ch-0\232.9921.47\plugins\java\lib\rt\debugger-agent.jar -Dfile.encoding=UTF-8 -Dsun.stdout.encoding=UTF-8 -Dsun.stderr.encoding=UTF-8 com.intellij.rt.junit.JUnitStarter -ideVersion5 -junit4 memory.cache.AssociativeMappingTest,test01

Host: 13th Gen Intel(R) Core(TM) i5-13500HX, 20 cores, 15G,  Windows 11 , 64 bit Build 22621 (10.0.22621.2506)
Time: Tue Dec 12 22:00:08 2023  Windows 11 , 64 bit Build 22621 (10.0.22621.2506) elapsed time: 0.012762 seconds (0d 0h 0m 0s)

---------------  T H R E A D  ---------------

Current thread (0x000002a45db0cdd0):  JavaThread "Unknown thread" [_thread_in_vm, id=32288, stack(0x000000fe54a00000,0x000000fe54b00000)]

Stack: [0x000000fe54a00000,0x000000fe54b00000]
Native frames: (J=compiled Java code, j=interpreted, Vv=VM code, C=native code)
V  [jvm.dll+0x6bb95a]
V  [jvm.dll+0x8485fa]
V  [jvm.dll+0x84a1f5]
V  [jvm.dll+0x84a8f3]
V  [jvm.dll+0x280b0f]
V  [jvm.dll+0x6b86e9]
V  [jvm.dll+0x6ad2da]
V  [jvm.dll+0x35adf5]
V  [jvm.dll+0x363016]
V  [jvm.dll+0x3b3b3e]
V  [jvm.dll+0x3b3dc5]
V  [jvm.dll+0x32b50a]
V  [jvm.dll+0x32c32b]
V  [jvm.dll+0x8112bf]
V  [jvm.dll+0x3c0d91]
V  [jvm.dll+0x7fcfe3]
V  [jvm.dll+0x44c76f]
V  [jvm.dll+0x44e0e1]
C  [jli.dll+0x5287]
C  [ucrtbase.dll+0x29363]
C  [KERNEL32.DLL+0x1257d]
C  [ntdll.dll+0x5aa58]


---------------  P R O C E S S  ---------------

Threads class SMR info:
_java_thread_list=0x00007fff87daa098, length=0, elements={
}

Java Threads: ( => current thread )

Other Threads:
  0x000002a45db7c950 WorkerThread "GC Thread#0" [stack: 0x000000fe54b00000,0x000000fe54c00000] [id=33336]
  0x000002a45db8d3f0 ConcurrentGCThread "G1 Main Marker" [stack: 0x000000fe54c00000,0x000000fe54d00000] [id=44336]
  0x000002a45db8dfd0 WorkerThread "G1 Conc#0" [stack: 0x000000fe54d00000,0x000000fe54e00000] [id=44676]

[error occurred during error reporting (printing all threads), id 0xc0000005, EXCEPTION_ACCESS_VIOLATION (0xc0000005) at pc=0x00007fff8758eb47]
VM state: not at safepoint (not fully initialized)

VM Mutex/Monitor currently owned by a thread:  ([mutex/lock_event])
[0x000002a45db0b750] Heap_lock - owner thread: 0x000002a45db0cdd0

Heap address: 0x0000000704600000, size: 4026 MB, Compressed Oops mode: Zero based, Oop shift amount: 3

CDS archive(s) mapped at: [0x0000000000000000-0x0000000000000000-0x0000000000000000), size 0, SharedBaseAddress: 0x0000000800000000, ArchiveRelocationMode: 0.
Narrow klass base: 0x0000000000000000, Narrow klass shift: 0, Narrow klass range: 0x0

GC Precious Log:
 CardTable entry size: 512
 Card Set container configuration: InlinePtr #cards 4 size 8 Array Of Cards #cards 16 size 48 Howl #buckets 8 coarsen threshold 3686 Howl Bitmap #cards 512 size 80 coarsen threshold 460 Card regions per heap region 1 cards per card region 4096

Heap:
 garbage-first heap   total 0K, used 0K [0x0000000704600000, 0x0000000800000000)
  region size 2048K, 0 young (0K), 0 survivors (0K)

[error occurred during error reporting (printing heap information), id 0xc0000005, EXCEPTION_ACCESS_VIOLATION (0xc0000005) at pc=0x00007fff87963c59]
GC Heap History (0 events):
No events

Dll operation events (2 events):
Event: 0.007 Loaded shared library C:\Users\wj\.jdks\openjdk-20.0.1\bin\java.dll
Event: 0.008 Loaded shared library C:\Users\wj\.jdks\openjdk-20.0.1\bin\zip.dll

Deoptimization events (0 events):
No events

Classes loaded (0 events):
No events

Classes unloaded (0 events):
No events

Classes redefined (0 events):
No events

Internal exceptions (0 events):
No events

VM Operations (0 events):
No events

Events (0 events):
No events


Dynamic libraries:
0x00007ff64a180000 - 0x00007ff64a18e000 	C:\Users\wj\.jdks\openjdk-20.0.1\bin\java.exe
0x00007ff8065f0000 - 0x00007ff806807000 	C:\Windows\SYSTEM32\ntdll.dll
0x00007ff805830000 - 0x00007ff8058f4000 	C:\Windows\System32\KERNEL32.DLL
0x00007ff803c90000 - 0x00007ff804035000 	C:\Windows\System32\KERNELBASE.dll
0x00007ff803ab0000 - 0x00007ff803bc1000 	C:\Windows\System32\ucrtbase.dll
0x00007ffff9290000 - 0x00007ffff92ab000 	C:\Users\wj\.jdks\openjdk-20.0.1\bin\VCRUNTIME140.dll
0x00007ffff9270000 - 0x00007ffff9287000 	C:\Users\wj\.jdks\openjdk-20.0.1\bin\jli.dll
0x00007ff804d20000 - 0x00007ff804ece000 	C:\Windows\System32\USER32.dll
0x00007ff803960000 - 0x00007ff803986000 	C:\Windows\System32\win32u.dll
0x00007fffeb740000 - 0x00007fffeb9d3000 	C:\Windows\WinSxS\amd64_microsoft.windows.common-controls_6595b64144ccf1df_6.0.22621.2506_none_270c5ae97388e100\COMCTL32.dll
0x00007ff8047a0000 - 0x00007ff8047c9000 	C:\Windows\System32\GDI32.dll
0x00007ff803990000 - 0x00007ff803aa9000 	C:\Windows\System32\gdi32full.dll
0x00007ff805da0000 - 0x00007ff805e47000 	C:\Windows\System32\msvcrt.dll
0x00007ff8042a0000 - 0x00007ff80433a000 	C:\Windows\System32\msvcp_win.dll
0x00007ff804760000 - 0x00007ff804791000 	C:\Windows\System32\IMM32.DLL
0x00007ffffaec0000 - 0x00007ffffaecc000 	C:\Users\wj\.jdks\openjdk-20.0.1\bin\vcruntime140_1.dll
0x00007fffc2f80000 - 0x00007fffc300e000 	C:\Users\wj\.jdks\openjdk-20.0.1\bin\msvcp140.dll
0x00007fff87250000 - 0x00007fff87ee7000 	C:\Users\wj\.jdks\openjdk-20.0.1\bin\server\jvm.dll
0x00007ff804b60000 - 0x00007ff804c11000 	C:\Windows\System32\ADVAPI32.dll
0x00007ff8046b0000 - 0x00007ff804756000 	C:\Windows\System32\sechost.dll
0x00007ff8043d0000 - 0x00007ff8044e7000 	C:\Windows\System32\RPCRT4.dll
0x00007ffff9010000 - 0x00007ffff9044000 	C:\Windows\SYSTEM32\WINMM.dll
0x00007fffe0610000 - 0x00007fffe0619000 	C:\Windows\SYSTEM32\WSOCK32.dll
0x00007ffff7730000 - 0x00007ffff773a000 	C:\Windows\SYSTEM32\VERSION.dll
0x00007ff805cc0000 - 0x00007ff805d31000 	C:\Windows\System32\WS2_32.dll
0x00007ff802970000 - 0x00007ff802988000 	C:\Windows\SYSTEM32\kernel.appcore.dll
0x00007ffffab50000 - 0x00007ffffab5a000 	C:\Users\wj\.jdks\openjdk-20.0.1\bin\jimage.dll
0x00007ff800fa0000 - 0x00007ff8011d3000 	C:\Windows\SYSTEM32\DBGHELP.DLL
0x00007ff8047d0000 - 0x00007ff804b59000 	C:\Windows\System32\combase.dll
0x00007ff805be0000 - 0x00007ff805cb7000 	C:\Windows\System32\OLEAUT32.dll
0x00007fffd40a0000 - 0x00007fffd40d2000 	C:\Windows\SYSTEM32\dbgcore.DLL
0x00007ff804040000 - 0x00007ff8040ba000 	C:\Windows\System32\bcryptPrimitives.dll
0x00007fffbc980000 - 0x00007fffbc9bc000 	C:\Users\wj\.jdks\openjdk-20.0.1\bin\jdwp.dll
0x00007ffffce50000 - 0x00007ffffce5e000 	C:\Users\wj\.jdks\openjdk-20.0.1\bin\instrument.dll
0x00007fffd3c60000 - 0x00007fffd3c86000 	C:\Users\wj\.jdks\openjdk-20.0.1\bin\java.dll
0x00007fffcf850000 - 0x00007fffcf868000 	C:\Users\wj\.jdks\openjdk-20.0.1\bin\zip.dll

dbghelp: loaded successfully - version: 4.0.5 - missing functions: none
symbol engine: initialized successfully - sym options: 0x614 - pdb path: .;C:\Users\wj\.jdks\openjdk-20.0.1\bin;C:\Windows\SYSTEM32;C:\Windows\WinSxS\amd64_microsoft.windows.common-controls_6595b64144ccf1df_6.0.22621.2506_none_270c5ae97388e100;C:\Users\wj\.jdks\openjdk-20.0.1\bin\server

VM Arguments:
jvm_args: -agentlib:jdwp=transport=dt_socket,address=127.0.0.1:62596,suspend=y,server=n -ea -Didea.test.cyclic.buffer.size=1048576 -javaagent:C:\Users\wj\AppData\Local\JetBrains\Toolbox\apps\IDEA-U\ch-0\232.9921.47\plugins\java\lib\rt\debugger-agent.jar -Dfile.encoding=UTF-8 -Dsun.stdout.encoding=UTF-8 -Dsun.stderr.encoding=UTF-8 
java_command: com.intellij.rt.junit.JUnitStarter -ideVersion5 -junit4 memory.cache.AssociativeMappingTest,test01
java_class_path (initial): C:\Users\wj\AppData\Local\JetBrains\Toolbox\apps\IDEA-U\ch-0\232.9921.47\lib\idea_rt.jar;C:\Users\wj\AppData\Local\JetBrains\Toolbox\apps\IDEA-U\ch-0\232.9921.47\plugins\junit\lib\junit5-rt.jar;C:\Users\wj\AppData\Local\JetBrains\Toolbox\apps\IDEA-U\ch-0\232.9921.47\plugins\junit\lib\junit-rt.jar;D:\coding\coding\2023COA\4550b591b9c64a9eacaf92158ed994e0\188-coa2023-programming05\target\test-classes;D:\coding\coding\2023COA\4550b591b9c64a9eacaf92158ed994e0\188-coa2023-programming05\target\classes;C:\Users\wj\.m2\repository\junit\junit\4.12\junit-4.12.jar;C:\Users\wj\.m2\repository\org\hamcrest\hamcrest-core\1.3\hamcrest-core-1.3.jar
Launcher Type: SUN_STANDARD

[Global flags]
     intx CICompilerCount                          = 12                                        {product} {ergonomic}
     uint ConcGCThreads                            = 4                                         {product} {ergonomic}
     uint G1ConcRefinementThreads                  = 15                                        {product} {ergonomic}
   size_t G1HeapRegionSize                         = 2097152                                   {product} {ergonomic}
    uintx GCDrainStackTargetSize                   = 64                                        {product} {ergonomic}
   size_t InitialHeapSize                          = 264241152                                 {product} {ergonomic}
   size_t MarkStackSize                            = 4194304                                   {product} {ergonomic}
   size_t MaxHeapSize                              = 4221566976                                {product} {ergonomic}
   size_t MinHeapDeltaBytes                        = 2097152                                   {product} {ergonomic}
   size_t MinHeapSize                              = 8388608                                   {product} {ergonomic}
    uintx NonNMethodCodeHeapSize                   = 7602480                                {pd product} {ergonomic}
    uintx NonProfiledCodeHeapSize                  = 122027880                              {pd product} {ergonomic}
    uintx ProfiledCodeHeapSize                     = 122027880                              {pd product} {ergonomic}
    uintx ReservedCodeCacheSize                    = 251658240                              {pd product} {ergonomic}
     bool SegmentedCodeCache                       = true                                      {product} {ergonomic}
   size_t SoftMaxHeapSize                          = 4221566976                             {manageable} {ergonomic}
     bool UseCompressedClassPointers               = true                           {product lp64_product} {ergonomic}
     bool UseCompressedOops                        = true                           {product lp64_product} {ergonomic}
     bool UseG1GC                                  = true                                      {product} {ergonomic}
     bool UseLargePagesIndividualAllocation        = false                                  {pd product} {ergonomic}

Logging:
Log output configuration:
 #0: stdout all=warning uptime,level,tags foldmultilines=false
 #1: stderr all=off uptime,level,tags foldmultilines=false

Environment Variables:
JAVA_HOME=D:\coding_environment\jdk_17
PATH=D:\coding_environment\jdk_17\bin;C:\Program Files\Common Files\Oracle\Java\javapath;C:\Windows\system32;C:\Windows;C:\Windows\System32\Wbem;C:\Windows\System32\WindowsPowerShell\v1.0\;C:\Windows\System32\OpenSSH\;C:\Program Files (x86)\NVIDIA Corporation\PhysX\Common;C:\Program Files\NVIDIA Corporation\NVIDIA NvDLISR;D:\daily_software\BandiZip\;C:\Program Files\Git\cmd;D:\coding_environment\mingw64\bin;D:\coding_environment\SDL\SDL2\mingw(CLion+VSC)\SDL2-2.26.0-allinone\x86_64-w64-mingw32\bin;C:\Program Files\Pandoc\;C:\Users\wj\AppData\Local\Microsoft\WindowsApps;C:\Users\wj\AppData\Local\JetBrains\Toolbox\scripts;C:\Users\wj\AppData\Local\Programs\Microsoft VS Code\bin;D:\coding_environment\mingw64\bin;
USERNAME=wj
OS=Windows_NT
PROCESSOR_IDENTIFIER=Intel64 Family 6 Model 191 Stepping 2, GenuineIntel
TMP=C:\Users\wj\AppData\Local\Temp
TEMP=C:\Users\wj\AppData\Local\Temp




---------------  S Y S T E M  ---------------

OS:
 Windows 11 , 64 bit Build 22621 (10.0.22621.2506)
OS uptime: 2 days 8:50 hours
Hyper-V role detected

CPU: total 20 (initial active 20) (10 cores per cpu, 2 threads per core) family 6 model 191 stepping 2 microcode 0x2c, cx8, cmov, fxsr, ht, mmx, 3dnowpref, sse, sse2, sse3, ssse3, sse4.1, sse4.2, popcnt, lzcnt, tsc, tscinvbit, avx, avx2, aes, erms, clmul, bmi1, bmi2, adx, sha, fma, vzeroupper, clflush, clflushopt, clwb, hv, serialize, rdtscp, rdpid, fsrm, f16c, cet_ibt, cet_ss

Memory: 4k page, system-wide physical 16103M (872M free)
TotalPageFile size 20199M (AvailPageFile size 219M)
current process WorkingSet (physical memory assigned to process): 12M, peak: 12M
current process commit charge ("private bytes"): 75M, peak: 327M

vm_info: OpenJDK 64-Bit Server VM (20.0.1+9-29) for windows-amd64 JRE (20.0.1+9-29), built on 2023-03-07T13:56:11Z by "mach5one" with MS VC++ 17.1 (VS2022)

END.
